{
  "RSpec": {
    "coverage": {
      "/Users/rossperry/Documents/_Turing_Projects/mod3/projects/sweather_weather/config/environment.rb": {
        "lines": [
          null,
          1,
          null,
          null,
          1
        ]
      },
      "/Users/rossperry/Documents/_Turing_Projects/mod3/projects/sweather_weather/config/application.rb": {
        "lines": [
          1,
          null,
          1,
          null,
          1,
          1,
          1,
          1,
          1,
          1,
          1,
          1,
          null,
          null,
          null,
          null,
          null,
          1,
          null,
          1,
          1,
          null,
          1,
          null,
          null,
          null,
          null,
          null,
          null,
          null,
          null,
          null,
          1,
          null,
          null
        ]
      },
      "/Users/rossperry/Documents/_Turing_Projects/mod3/projects/sweather_weather/config/boot.rb": {
        "lines": [
          1,
          null,
          1,
          1
        ]
      },
      "/Users/rossperry/Documents/_Turing_Projects/mod3/projects/sweather_weather/config/environments/test.rb": {
        "lines": [
          1,
          null,
          null,
          null,
          null,
          null,
          null,
          1,
          null,
          null,
          null,
          null,
          1,
          null,
          null,
          1,
          1,
          null,
          null,
          null,
          null,
          1,
          1,
          null,
          null,
          1,
          null,
          null,
          1,
          null,
          null,
          1,
          null,
          1,
          null,
          null,
          null,
          null,
          1,
          null,
          null,
          1,
          null,
          null,
          null,
          null
        ]
      },
      "/Users/rossperry/Documents/_Turing_Projects/mod3/projects/sweather_weather/config/initializers/application_controller_renderer.rb": {
        "lines": [
          null,
          null,
          null,
          null,
          null,
          null,
          null,
          null
        ]
      },
      "/Users/rossperry/Documents/_Turing_Projects/mod3/projects/sweather_weather/config/initializers/backtrace_silencers.rb": {
        "lines": [
          null,
          null,
          null,
          null,
          null,
          null,
          null
        ]
      },
      "/Users/rossperry/Documents/_Turing_Projects/mod3/projects/sweather_weather/config/initializers/cors.rb": {
        "lines": [
          null,
          null,
          null,
          null,
          null,
          null,
          null,
          null,
          null,
          null,
          null,
          null,
          null,
          null,
          null,
          null
        ]
      },
      "/Users/rossperry/Documents/_Turing_Projects/mod3/projects/sweather_weather/config/initializers/filter_parameter_logging.rb": {
        "lines": [
          null,
          null,
          null,
          1
        ]
      },
      "/Users/rossperry/Documents/_Turing_Projects/mod3/projects/sweather_weather/config/initializers/inflections.rb": {
        "lines": [
          null,
          null,
          null,
          null,
          null,
          null,
          null,
          null,
          null,
          null,
          null,
          null,
          null,
          null,
          null,
          null
        ]
      },
      "/Users/rossperry/Documents/_Turing_Projects/mod3/projects/sweather_weather/config/initializers/mime_types.rb": {
        "lines": [
          null,
          null,
          null,
          null
        ]
      },
      "/Users/rossperry/Documents/_Turing_Projects/mod3/projects/sweather_weather/config/initializers/wrap_parameters.rb": {
        "lines": [
          null,
          null,
          null,
          null,
          null,
          null,
          1,
          1,
          null,
          null,
          null,
          null,
          null,
          null
        ]
      },
      "/Users/rossperry/Documents/_Turing_Projects/mod3/projects/sweather_weather/spec/factories/dailies.rb": {
        "lines": [
          1,
          1,
          1,
          1,
          1,
          1,
          1,
          1,
          null,
          null
        ]
      },
      "/Users/rossperry/Documents/_Turing_Projects/mod3/projects/sweather_weather/spec/factories/hourlies.rb": {
        "lines": [
          1,
          1,
          1,
          1,
          1,
          1,
          null,
          null
        ]
      },
      "/Users/rossperry/Documents/_Turing_Projects/mod3/projects/sweather_weather/spec/factories/weathers.rb": {
        "lines": [
          1,
          1,
          1,
          1,
          1,
          1,
          1,
          1,
          1,
          1,
          1,
          1,
          1,
          1,
          1,
          1,
          null,
          null
        ]
      },
      "/Users/rossperry/Documents/_Turing_Projects/mod3/projects/sweather_weather/config/routes.rb": {
        "lines": [
          1,
          null,
          1,
          1,
          1,
          null,
          null,
          null
        ]
      },
      "/Users/rossperry/Documents/_Turing_Projects/mod3/projects/sweather_weather/app/models/daily.rb": {
        "lines": [
          1,
          1,
          null
        ]
      },
      "/Users/rossperry/Documents/_Turing_Projects/mod3/projects/sweather_weather/app/models/application_record.rb": {
        "lines": [
          1,
          1,
          null
        ]
      },
      "/Users/rossperry/Documents/_Turing_Projects/mod3/projects/sweather_weather/spec/models/hourly_spec.rb": {
        "lines": [
          1,
          null,
          1,
          1,
          2,
          null,
          null
        ]
      },
      "/Users/rossperry/Documents/_Turing_Projects/mod3/projects/sweather_weather/app/models/hourly.rb": {
        "lines": [
          1,
          1,
          null
        ]
      },
      "/Users/rossperry/Documents/_Turing_Projects/mod3/projects/sweather_weather/spec/models/weather_spec.rb": {
        "lines": [
          1,
          null,
          1,
          1,
          2,
          2,
          null,
          null,
          null
        ]
      },
      "/Users/rossperry/Documents/_Turing_Projects/mod3/projects/sweather_weather/app/models/weather.rb": {
        "lines": [
          1,
          1,
          1,
          null,
          null
        ]
      },
      "/Users/rossperry/Documents/_Turing_Projects/mod3/projects/sweather_weather/spec/requests/api/v1/weather_request_spec.rb": {
        "lines": [
          1,
          null,
          1,
          1,
          3,
          3,
          3,
          3,
          null,
          1,
          null,
          1,
          1,
          1,
          1,
          1,
          1,
          1,
          1,
          1,
          1,
          1,
          1,
          1,
          null,
          1,
          1,
          null,
          1,
          1,
          1,
          1,
          1,
          1,
          1,
          null,
          null,
          1,
          null,
          1,
          null,
          1,
          8,
          8,
          8,
          8,
          8,
          null,
          null,
          null,
          null,
          1,
          null,
          1,
          null,
          1,
          null,
          1,
          5,
          5,
          5,
          5,
          5,
          5,
          5,
          null,
          null,
          null,
          null,
          null
        ]
      },
      "/Users/rossperry/Documents/_Turing_Projects/mod3/projects/sweather_weather/spec/services/map_service_spec.rb": {
        "lines": [
          1,
          null,
          1,
          null,
          1,
          1,
          1,
          1,
          null,
          1,
          1,
          1,
          1,
          1,
          null,
          null,
          null,
          null,
          null
        ]
      },
      "/Users/rossperry/Documents/_Turing_Projects/mod3/projects/sweather_weather/spec/services/weather_service_spec.rb": {
        "lines": [
          1,
          null,
          1,
          null,
          1,
          1,
          1,
          1,
          1,
          null,
          1,
          null,
          1,
          null,
          1,
          null,
          1,
          null,
          1,
          null,
          1,
          null,
          1,
          null,
          1,
          null,
          1,
          null,
          1,
          null,
          1,
          null,
          null,
          1,
          1,
          1,
          1,
          1,
          null,
          1,
          8,
          8,
          8,
          null,
          null,
          null,
          null,
          1,
          1,
          1,
          1,
          1,
          null,
          1,
          5,
          5,
          5,
          5,
          5,
          null,
          null,
          null,
          null,
          null,
          null
        ]
      },
      "/Users/rossperry/Documents/_Turing_Projects/mod3/projects/sweather_weather/app/poros/weather_results.rb": {
        "lines": [
          1,
          null,
          1,
          3,
          3,
          3,
          null,
          null,
          1,
          6,
          null,
          null,
          1,
          0,
          null,
          null,
          1,
          3,
          3,
          3,
          null,
          null,
          1,
          3,
          24,
          null,
          null,
          null,
          1,
          3,
          15,
          null,
          null,
          null,
          null,
          1,
          null,
          1,
          3,
          null,
          null,
          null,
          null,
          null,
          null,
          null,
          null,
          null,
          null,
          null,
          null,
          null,
          null,
          null,
          null,
          null,
          1,
          24,
          null,
          null,
          null,
          null,
          null,
          null,
          null,
          1,
          15,
          null,
          null,
          null,
          null,
          null,
          null,
          null,
          null,
          null,
          1,
          3,
          3,
          3,
          3,
          null,
          null,
          1,
          24,
          24,
          24,
          null,
          null,
          1,
          6,
          6,
          6,
          null,
          null,
          1,
          15,
          null,
          null,
          1,
          3,
          3,
          null,
          0,
          null,
          null,
          null,
          1,
          3,
          null,
          null,
          1,
          3,
          null,
          0,
          null,
          0,
          null,
          0,
          null,
          3,
          null,
          0,
          null,
          null,
          null,
          null
        ]
      },
      "/Users/rossperry/Documents/_Turing_Projects/mod3/projects/sweather_weather/app/services/map_service.rb": {
        "lines": [
          1,
          null,
          1,
          4,
          4,
          null,
          4,
          null,
          null,
          1,
          null,
          1,
          4,
          4,
          null,
          null,
          null
        ]
      },
      "/Users/rossperry/Documents/_Turing_Projects/mod3/projects/sweather_weather/app/services/weather_service.rb": {
        "lines": [
          1,
          null,
          1,
          6,
          6,
          6,
          6,
          6,
          null,
          6,
          null,
          null,
          null,
          null,
          null,
          1,
          null,
          1,
          6,
          6,
          null,
          null,
          null,
          1,
          6,
          null,
          null,
          null,
          null,
          null
        ]
      }
    },
    "timestamp": 1596308219
  }
}
